{
  "stats": {
    "suites": 1,
    "tests": 1,
    "passes": 1,
    "pending": 0,
    "failures": 0,
    "start": "2024-06-03T18:16:00.921Z",
    "end": "2024-06-03T18:16:31.024Z",
    "duration": 30103,
    "testsRegistered": 1,
    "passPercent": 100,
    "pendingPercent": 0,
    "other": 0,
    "hasOther": false,
    "skipped": 0,
    "hasSkipped": false
  },
  "results": [
    {
      "uuid": "daa4207d-b7bc-4f65-8c9b-f09c5e7f0c33",
      "title": "",
      "fullFile": "cypress/e2e/Cypress joao/MkWhatsOne/blocklist.cy.js",
      "file": "cypress/e2e/Cypress joao/MkWhatsOne/blocklist.cy.js",
      "beforeHooks": [],
      "afterHooks": [],
      "tests": [],
      "suites": [
        {
          "uuid": "88a52edc-5e8b-49fb-a9d0-cad5a50dc737",
          "title": "Filtro de blocklist",
          "fullFile": "",
          "file": "",
          "beforeHooks": [],
          "afterHooks": [],
          "tests": [
            {
              "title": "Fazer a busca",
              "fullTitle": "Filtro de blocklist Fazer a busca",
              "timedOut": null,
              "duration": 27671,
              "state": "passed",
              "speed": "slow",
              "pass": true,
              "fail": false,
              "pending": false,
              "context": null,
              "code": "cy.visitarURL();\ncy.LoginCypress();\ncy.API();\ncy.closeTour();\ncy.mapearCenters();\ncy.N3();\ncy.block();",
              "err": {},
              "uuid": "ef460bc1-ed76-4653-b6a3-8d5533d4f360",
              "parentUUID": "88a52edc-5e8b-49fb-a9d0-cad5a50dc737",
              "isHook": false,
              "skipped": false
            }
          ],
          "suites": [],
          "passes": [
            "ef460bc1-ed76-4653-b6a3-8d5533d4f360"
          ],
          "failures": [],
          "pending": [],
          "skipped": [],
          "duration": 27671,
          "root": false,
          "rootEmpty": false,
          "_timeout": 2000
        }
      ],
      "passes": [],
      "failures": [],
      "pending": [],
      "skipped": [],
      "duration": 0,
      "root": true,
      "rootEmpty": true,
      "_timeout": 2000
    }
  ],
  "meta": {
    "mocha": {
      "version": "7.0.1"
    },
    "mochawesome": {
      "options": {
        "quiet": false,
        "reportFilename": "mochawesome",
        "saveHtml": false,
        "saveJson": true,
        "consoleReporter": "spec",
        "useInlineDiffs": false,
        "code": true
      },
      "version": "7.1.3"
    },
    "marge": {
      "options": {
        "reportDir": "cypress/reports/.jsons",
        "overwrite": false,
        "html": false,
        "json": true
      },
      "version": "6.2.0"
    }
  }
}