{
  "stats": {
    "suites": 1,
    "tests": 1,
    "passes": 1,
    "pending": 0,
    "failures": 0,
    "start": "2024-06-03T18:15:20.043Z",
    "end": "2024-06-03T18:15:57.847Z",
    "duration": 37804,
    "testsRegistered": 1,
    "passPercent": 100,
    "pendingPercent": 0,
    "other": 0,
    "hasOther": false,
    "skipped": 0,
    "hasSkipped": false
  },
  "results": [
    {
      "uuid": "2a6ba36b-aa32-4664-9d76-f1992d61bb39",
      "title": "",
      "fullFile": "cypress/e2e/Cypress joao/MKMSms/Sms.cy.js",
      "file": "cypress/e2e/Cypress joao/MKMSms/Sms.cy.js",
      "beforeHooks": [],
      "afterHooks": [],
      "tests": [],
      "suites": [
        {
          "uuid": "4f2c4533-6095-476f-ab25-cdddfb3f4372",
          "title": "SMS-Envio",
          "fullFile": "",
          "file": "",
          "beforeHooks": [],
          "afterHooks": [],
          "tests": [
            {
              "title": "SMS",
              "fullTitle": "SMS-Envio SMS",
              "timedOut": null,
              "duration": 35118,
              "state": "passed",
              "speed": "slow",
              "pass": true,
              "fail": false,
              "pending": false,
              "context": null,
              "code": "cy.visitarURL();\ncy.LoginCypress();\ncy.API();\ncy.closeTour();\ncy.mapearCenters();\ncy.N1();\ncy.menuopen();\ncy.Sms();\ncy.envio();\ncy.avulso();\ncy.number();",
              "err": {},
              "uuid": "b9e397ec-a498-40be-a865-8e3d033e54ce",
              "parentUUID": "4f2c4533-6095-476f-ab25-cdddfb3f4372",
              "isHook": false,
              "skipped": false
            }
          ],
          "suites": [],
          "passes": [
            "b9e397ec-a498-40be-a865-8e3d033e54ce"
          ],
          "failures": [],
          "pending": [],
          "skipped": [],
          "duration": 35118,
          "root": false,
          "rootEmpty": false,
          "_timeout": 2000
        }
      ],
      "passes": [],
      "failures": [],
      "pending": [],
      "skipped": [],
      "duration": 0,
      "root": true,
      "rootEmpty": true,
      "_timeout": 2000
    }
  ],
  "meta": {
    "mocha": {
      "version": "7.0.1"
    },
    "mochawesome": {
      "options": {
        "quiet": false,
        "reportFilename": "mochawesome",
        "saveHtml": false,
        "saveJson": true,
        "consoleReporter": "spec",
        "useInlineDiffs": false,
        "code": true
      },
      "version": "7.1.3"
    },
    "marge": {
      "options": {
        "reportDir": "cypress/reports/.jsons",
        "overwrite": false,
        "html": false,
        "json": true
      },
      "version": "6.2.0"
    }
  }
}